<?xml version="1.0" encoding="UTF-8"?>
<!-- Generated by org.testng.reporters.JUnitXMLReporter -->
<testsuite ignored="0" hostname="LPINDI0010" failures="0" tests="4" name="Default test" time="7.83" errors="0" timestamp="2024-04-25T10:54:21 IST">
  <testcase classname="api.test.UserTests2" name="testPostUser" time="3.866"/>
  <testcase classname="api.test.UserTests2" name="testgetUserbyUsername" time="1.236"/>
  <testcase classname="api.test.UserTests2" name="testupdateUserbyUsername" time="1.22"/>
  <testcase classname="api.test.UserTests2" name="testdeletUserbyUsername" time="1.242"/>
</testsuite> <!-- Default test -->
