<?xml version="1.0" encoding="UTF-8"?>
<!-- Generated by org.testng.reporters.JUnitXMLReporter -->
<testsuite ignored="0" hostname="LPINDI0010" failures="0" tests="4" name="Test" time="10.56" errors="0" timestamp="2024-04-26T12:34:33 IST">
  <testcase classname="api.test.UserTests2" name="testPostUser" time="5.613"/>
  <testcase classname="api.test.UserTests2" name="testgetUserbyUsername" time="1.492"/>
  <testcase classname="api.test.UserTests2" name="testupdateUserbyUsername" time="1.427"/>
  <testcase classname="api.test.UserTests2" name="testdeletUserbyUsername" time="1.539"/>
</testsuite> <!-- Test -->
