<?xml version="1.0" encoding="UTF-8"?>
<testsuite xmlns:xsi="http://www.w3.org/2001/XMLSchema-instance" xsi:noNamespaceSchemaLocation="https://maven.apache.org/surefire/maven-surefire-plugin/xsd/surefire-test-report-3.0.xsd" version="3.0" name="TestSuite" time="11.901" tests="4" errors="0" skipped="0" failures="0">
  <properties>
[...]
</properties>
  <testcase name="testPostUser" classname="api.test.UserTests2" time="5.634">
    <system-out><![CDATA[HTTP/1.1 200 OK
Date: Fri, 26 Apr 2024 07:04:28 GMT
Content-Type: application/json
Transfer-Encoding: chunked
Connection: keep-alive
Access-Control-Allow-Origin: *
Access-Control-Allow-Methods: GET, POST, DELETE, PUT
Access-Control-Allow-Headers: Content-Type, api_key, Authorization
Server: Jetty(9.2.9.v20150224)

{
    "code": 200,
    "type": "unknown",
    "message": "1144068272"
}
]]></system-out>
  </testcase>
  <testcase name="testgetUserbyUsername" classname="api.test.UserTests2" time="1.427">
    <system-out><![CDATA[HTTP/1.1 200 OK
Date: Fri, 26 Apr 2024 07:04:30 GMT
Content-Type: application/json
Transfer-Encoding: chunked
Connection: keep-alive
Access-Control-Allow-Origin: *
Access-Control-Allow-Methods: GET, POST, DELETE, PUT
Access-Control-Allow-Headers: Content-Type, api_key, Authorization
Server: Jetty(9.2.9.v20150224)

{
    "id": 1144068272,
    "username": "valentine.maggio",
    "firstName": "Nathan",
    "lastName": "Kihn",
    "email": "sharri.jacobson@example.com",
    "password": "peouemqr",
    "phone": "1-389-880-5139",
    "userStatus": 0
}
]]></system-out>
  </testcase>
  <testcase name="testupdateUserbyUsername" classname="api.test.UserTests2" time="1.483">
    <system-out><![CDATA[HTTP/1.1 200 OK
Date: Fri, 26 Apr 2024 07:04:31 GMT
Content-Type: application/json
Transfer-Encoding: chunked
Connection: keep-alive
Access-Control-Allow-Origin: *
Access-Control-Allow-Methods: GET, POST, DELETE, PUT
Access-Control-Allow-Headers: Content-Type, api_key, Authorization
Server: Jetty(9.2.9.v20150224)

{
    "code": 200,
    "type": "unknown",
    "message": "1144068272"
}
]]></system-out>
  </testcase>
  <testcase name="testdeletUserbyUsername" classname="api.test.UserTests2" time="1.523">
    <system-out><![CDATA[HTTP/1.1 200 OK
Date: Fri, 26 Apr 2024 07:04:33 GMT
Content-Type: application/json
Transfer-Encoding: chunked
Connection: keep-alive
Access-Control-Allow-Origin: *
Access-Control-Allow-Methods: GET, POST, DELETE, PUT
Access-Control-Allow-Headers: Content-Type, api_key, Authorization
Server: Jetty(9.2.9.v20150224)

{
    "code": 200,
    "type": "unknown",
    "message": "valentine.maggio"
}
]]></system-out>
  </testcase>
</testsuite>