<?xml version="1.0" encoding="UTF-8"?>
<testng-results ignored="0" total="4" passed="4" failed="0" skipped="0">
  <reporter-output>
  </reporter-output>
  <suite started-at="2024-04-25T10:54:13 IST" name="Default suite" finished-at="2024-04-25T10:54:21 IST" duration-ms="7830">
    <groups>
    </groups>
    <test started-at="2024-04-25T10:54:13 IST" name="Default test" finished-at="2024-04-25T10:54:21 IST" duration-ms="7830">
      <class name="api.test.UserTests2">
        <test-method is-config="true" signature="setupData()[pri:0, instance:api.test.UserTests2@6580cfdd]" started-at="2024-04-25T10:54:13 IST" name="setupData" finished-at="2024-04-25T10:54:13 IST" duration-ms="217" status="PASS">
          <reporter-output>
          </reporter-output>
        </test-method> <!-- setupData -->
        <test-method signature="testPostUser()[pri:1, instance:api.test.UserTests2@6580cfdd]" started-at="2024-04-25T10:54:13 IST" name="testPostUser" finished-at="2024-04-25T10:54:17 IST" duration-ms="3866" status="PASS">
          <reporter-output>
          </reporter-output>
        </test-method> <!-- testPostUser -->
        <test-method signature="testgetUserbyUsername()[pri:2, instance:api.test.UserTests2@6580cfdd]" started-at="2024-04-25T10:54:17 IST" name="testgetUserbyUsername" finished-at="2024-04-25T10:54:19 IST" duration-ms="1236" status="PASS">
          <reporter-output>
          </reporter-output>
        </test-method> <!-- testgetUserbyUsername -->
        <test-method signature="testupdateUserbyUsername()[pri:3, instance:api.test.UserTests2@6580cfdd]" started-at="2024-04-25T10:54:19 IST" name="testupdateUserbyUsername" finished-at="2024-04-25T10:54:20 IST" duration-ms="1220" status="PASS">
          <reporter-output>
          </reporter-output>
        </test-method> <!-- testupdateUserbyUsername -->
        <test-method signature="testdeletUserbyUsername()[pri:4, instance:api.test.UserTests2@6580cfdd]" started-at="2024-04-25T10:54:20 IST" name="testdeletUserbyUsername" finished-at="2024-04-25T10:54:21 IST" duration-ms="1242" status="PASS">
          <reporter-output>
          </reporter-output>
        </test-method> <!-- testdeletUserbyUsername -->
      </class> <!-- api.test.UserTests2 -->
    </test> <!-- Default test -->
  </suite> <!-- Default suite -->
</testng-results>
